c:\users\alexander dispenza\source\repos\githubrepo\gameengine\gameengines4\gameengines4\x64\debug\vc142.pdb
c:\users\alexander dispenza\source\repos\githubrepo\gameengine\gameengines4\gameengines4\x64\debug\vc142.idb
c:\users\alexander dispenza\source\repos\githubrepo\gameengine\gameengines4\gameengines4\x64\debug\window.obj
c:\users\alexander dispenza\source\repos\githubrepo\gameengine\gameengines4\gameengines4\x64\debug\main.obj
c:\users\alexander dispenza\source\repos\githubrepo\gameengine\gameengines4\gameengines4\x64\debug\coreengine.obj
c:\users\alexander dispenza\source\repos\githubrepo\gameengine\gameengines4\gameengines4\x64\debug\shaderhandler.obj
c:\users\alexander dispenza\source\repos\githubrepo\gameengine\gameengines4\gameengines4\x64\debug\model.obj
c:\users\alexander dispenza\source\repos\githubrepo\gameengine\gameengines4\gameengines4\x64\debug\mesh.obj
c:\users\alexander dispenza\source\repos\githubrepo\gameengine\gameengines4\gameengines4\x64\debug\startscene.obj
c:\users\alexander dispenza\source\repos\githubrepo\gameengine\gameengines4\gameengines4\x64\debug\timer.obj
c:\users\alexander dispenza\source\repos\githubrepo\gameengine\gameengines4\gameengines4\x64\debug\gamescene.obj
c:\users\alexander dispenza\source\repos\githubrepo\gameengine\gameengines4\gameengines4\x64\debug\game1.obj
c:\users\alexander dispenza\source\repos\githubrepo\gameengine\gameengines4\gameengines4\x64\debug\gameobject.obj
c:\users\alexander dispenza\source\repos\githubrepo\gameengine\gameengines4\gameengines4\x64\debug\debugger.obj
c:\users\johna\desktop\gameengines4\gameengines4\x64\debug\coreengine.obj
c:\users\johna\desktop\gameengines4\gameengines4\x64\debug\debugger.obj
c:\users\johna\desktop\gameengines4\gameengines4\x64\debug\game1.obj
c:\users\johna\desktop\gameengines4\gameengines4\x64\debug\gameobject.obj
c:\users\johna\desktop\gameengines4\gameengines4\x64\debug\gamescene.obj
c:\users\johna\desktop\gameengines4\gameengines4\x64\debug\main.obj
c:\users\johna\desktop\gameengines4\gameengines4\x64\debug\mesh.obj
c:\users\johna\desktop\gameengines4\gameengines4\x64\debug\model.obj
c:\users\johna\desktop\gameengines4\gameengines4\x64\debug\shaderhandler.obj
c:\users\johna\desktop\gameengines4\gameengines4\x64\debug\startscene.obj
c:\users\johna\desktop\gameengines4\gameengines4\x64\debug\timer.obj
c:\users\johna\desktop\gameengines4\gameengines4\x64\debug\window.obj
c:\users\johna\desktop\gameengines4\gameengines4\x64\debug\vc142.idb
c:\users\johna\desktop\gameengines4\gameengines4\x64\debug\vc142.pdb
c:\users\johna\desktop\gameengines4\x64\debug\gameengines4.pdb
c:\users\johna\desktop\gameengines4\gameengines4\x64\debug\gameengines4.tlog\cl.command.1.tlog
c:\users\johna\desktop\gameengines4\gameengines4\x64\debug\gameengines4.tlog\cl.read.1.tlog
c:\users\johna\desktop\gameengines4\gameengines4\x64\debug\gameengines4.tlog\cl.write.1.tlog
c:\users\johna\desktop\gameengines4\gameengines4\x64\debug\gameengines4.tlog\link-cvtres.read.1.tlog
c:\users\johna\desktop\gameengines4\gameengines4\x64\debug\gameengines4.tlog\link-cvtres.write.1.tlog
c:\users\johna\desktop\gameengines4\gameengines4\x64\debug\gameengines4.tlog\link-rc.read.1.tlog
c:\users\johna\desktop\gameengines4\gameengines4\x64\debug\gameengines4.tlog\link-rc.write.1.tlog
c:\users\johna\desktop\gameengines4\gameengines4\x64\debug\gameengines4.tlog\link.command.1.tlog
c:\users\johna\desktop\gameengines4\gameengines4\x64\debug\gameengines4.tlog\link.read.1.tlog
c:\users\johna\desktop\gameengines4\gameengines4\x64\debug\gameengines4.tlog\link.write.1.tlog
