c:\users\johna\desktop\crescentenginerepository\crescent engine\gameengines4\debug\vc142.pdb
c:\users\johna\desktop\crescentenginerepository\crescent engine\gameengines4\debug\vc142.idb
c:\users\johna\desktop\crescentenginerepository\crescent engine\gameengines4\debug\frustum.obj
c:\users\johna\desktop\crescentenginerepository\crescent engine\gameengines4\debug\eventlistener.obj
c:\users\johna\desktop\crescentenginerepository\crescent engine\gameengines4\debug\gameobject.obj
c:\users\johna\desktop\crescentenginerepository\crescent engine\gameengines4\debug\coreengine.obj
c:\users\johna\desktop\crescentenginerepository\crescent engine\gameengines4\debug\debugger.obj
c:\users\johna\desktop\crescentenginerepository\crescent engine\gameengines4\debug\camera.obj
c:\users\johna\desktop\crescentenginerepository\crescent engine\gameengines4\debug\collisiondetection.obj
c:\users\johna\desktop\crescentenginerepository\crescent engine\gameengines4\debug\collisionhandler.obj
c:\users\johna\desktop\crescentenginerepository\crescent engine\gameengines4\debug\componenta.obj
c:\users\johna\desktop\crescentenginerepository\crescent engine\gameengines4\debug\componentb.obj
c:\users\johna\desktop\crescentenginerepository\crescent engine\gameengines4\debug\aicomponent.obj
c:\users\johna\desktop\crescentenginerepository\crescent engine\gameengines4\debug\imgui_impl_sdl_gl3.obj
c:\users\johna\desktop\crescentenginerepository\crescent engine\gameengines4\debug\imgui_draw.obj
c:\users\johna\desktop\crescentenginerepository\crescent engine\gameengines4\debug\imgui_demo.obj
c:\users\johna\desktop\crescentenginerepository\crescent engine\gameengines4\debug\imgui.obj
c:\users\johna\desktop\crescentenginerepository\crescent engine\gameengines4\debug\kinematicsteeringoutput.obj
c:\users\johna\desktop\crescentenginerepository\crescent engine\gameengines4\debug\audiohandler.obj
c:\users\johna\desktop\crescentenginerepository\crescent engine\gameengines4\debug\audiosource.obj
c:\users\johna\desktop\crescentenginerepository\crescent engine\gameengines4\debug\cohesionsteering.obj
c:\users\johna\desktop\crescentenginerepository\crescent engine\gameengines4\debug\blendedsteering.obj
c:\users\johna\desktop\crescentenginerepository\crescent engine\gameengines4\debug\testaiscene.obj
c:\users\johna\desktop\crescentenginerepository\crescent engine\gameengines4\debug\octspatialpartition.obj
c:\users\johna\desktop\crescentenginerepository\crescent engine\gameengines4\debug\materialloader.obj
c:\users\johna\desktop\crescentenginerepository\crescent engine\gameengines4\debug\materialhandler.obj
c:\users\johna\desktop\crescentenginerepository\crescent engine\gameengines4\debug\scenegraph.obj
c:\users\johna\desktop\crescentenginerepository\crescent engine\gameengines4\debug\mouseeventlistener.obj
c:\users\johna\desktop\crescentenginerepository\crescent engine\gameengines4\debug\texturehandler.obj
c:\users\johna\desktop\crescentenginerepository\crescent engine\gameengines4\debug\shaderhandler.obj
c:\users\johna\desktop\crescentenginerepository\crescent engine\gameengines4\debug\model.obj
c:\users\johna\desktop\crescentenginerepository\crescent engine\gameengines4\debug\startscene.obj
c:\users\johna\desktop\crescentenginerepository\crescent engine\gameengines4\debug\timer.obj
c:\users\johna\desktop\crescentenginerepository\crescent engine\gameengines4\debug\window.obj
c:\users\johna\desktop\crescentenginerepository\crescent engine\gameengines4\debug\main.obj
c:\users\johna\desktop\crescentenginerepository\crescent engine\gameengines4\debug\keyeventlistener.obj
c:\users\johna\desktop\crescentenginerepository\crescent engine\gameengines4\debug\kinematicarrive.obj
c:\users\johna\desktop\crescentenginerepository\crescent engine\gameengines4\debug\kinematicseek.obj
c:\users\johna\desktop\crescentenginerepository\crescent engine\gameengines4\debug\loadobjmodel.obj
c:\users\johna\desktop\crescentenginerepository\crescent engine\gameengines4\debug\lightsource.obj
c:\users\johna\desktop\crescentenginerepository\crescent engine\gameengines4\debug\gamescene.obj
c:\users\johna\desktop\crescentenginerepository\crescent engine\gameengines4\debug\game1.obj
c:\users\johna\desktop\crescentenginerepository\crescent engine\gameengines4\debug\openglmesh.obj
c:\users\johna\desktop\crescentenginerepository\crescent engine\gameengines4\debug\openglrenderer.obj
c:\users\johna\desktop\crescentenginerepository\crescent engine\gameengines4\debug\randomizer.obj
c:\users\johna\desktop\crescentenginerepository\crescent engine\gameengines4\debug\particleemitter.obj
c:\users\johna\desktop\crescentenginerepository\crescent engine\gameengines4\debug\particle.obj
c:\users\johna\desktop\crescentenginerepository\crescent engine\gameengines4\debug\separationsteering.obj
c:\users\johna\desktop\crescentenginerepository\crescent engine\gameengines4\debug\steeringoutput.obj
c:\users\johna\desktop\crescentenginerepository\crescent engine\gameengines4\debug\velocitymatching.obj
c:\users\johna\desktop\crescentenginerepository\crescent engine\gameengines4\debug\test.obj
c:\users\johna\desktop\crescentenginerepository\crescent engine\gameengines4\debug\trackball.obj
c:\users\johna\desktop\crescentenginerepository\crescent engine\gameengines4\debug\openglparticle.obj
c:\users\johna\desktop\crescentenginerepository\crescent engine\gameengines4\debug\vulkantestscene.obj
c:\users\johna\desktop\crescentenginerepository\crescent engine\gameengines4\debug\vulkanrenderer.obj
c:\users\johna\desktop\crescentenginerepository\crescent engine\debug\gameengines4.exe
c:\users\johna\desktop\crescentenginerepository\crescent engine\debug\gameengines4.ilk
c:\users\johna\desktop\crescentenginerepository\crescent engine\debug\gameengines4.pdb
c:\users\johna\desktop\crescentenginerepository\crescent engine\gameengines4\debug\mesh.obj
c:\users\johna\desktop\crescentenginerepository\crescent engine\gameengines4\debug\gameengines4.tlog\cl.command.1.tlog
c:\users\johna\desktop\crescentenginerepository\crescent engine\gameengines4\debug\gameengines4.tlog\cl.read.1.tlog
c:\users\johna\desktop\crescentenginerepository\crescent engine\gameengines4\debug\gameengines4.tlog\cl.write.1.tlog
c:\users\johna\desktop\crescentenginerepository\crescent engine\gameengines4\debug\gameengines4.tlog\link.command.1.tlog
c:\users\johna\desktop\crescentenginerepository\crescent engine\gameengines4\debug\gameengines4.tlog\link.read.1.tlog
c:\users\johna\desktop\crescentenginerepository\crescent engine\gameengines4\debug\gameengines4.tlog\link.write.1.tlog
